{"/Users/w/code/abundance-mvp/functions/src/index.ts": {"path":"/Users/w/code/abundance-mvp/functions/src/index.ts","statementMap":{"0":{"start":{"line":1,"column":0},"end":{"line":1,"column":48}},"1":{"start":{"line":2,"column":0},"end":{"line":2,"column":40}},"2":{"start":{"line":3,"column":0},"end":{"line":3,"column":48}},"3":{"start":{"line":4,"column":0},"end":{"line":4,"column":42}},"4":{"start":{"line":5,"column":0},"end":{"line":5,"column":46}},"5":{"start":{"line":8,"column":0},"end":{"line":8,"column":9}},"6":{"start":{"line":178,"column":9},"end":{"line":8,"column":57}},"7":{"start":{"line":9,"column":0},"end":{"line":9,"column":9}},"8":{"start":{"line":178,"column":24},"end":{"line":9,"column":65}},"9":{"start":{"line":10,"column":0},"end":{"line":10,"column":9}},"10":{"start":{"line":178,"column":43},"end":{"line":10,"column":65}},"11":{"start":{"line":13,"column":0},"end":{"line":13,"column":9}},"12":{"start":{"line":181,"column":9},"end":{"line":13,"column":79}},"13":{"start":{"line":14,"column":0},"end":{"line":14,"column":9}},"14":{"start":{"line":181,"column":39},"end":{"line":14,"column":87}},"15":{"start":{"line":17,"column":0},"end":{"line":17,"column":22}},"16":{"start":{"line":20,"column":13},"end":{"line":26,"column":3}},"17":{"start":{"line":21,"column":2},"end":{"line":25,"column":5}},"18":{"start":{"line":29,"column":13},"end":{"line":48,"column":3}},"19":{"start":{"line":31,"column":2},"end":{"line":36,"column":3}},"20":{"start":{"line":32,"column":4},"end":{"line":35,"column":6}},"21":{"start":{"line":38,"column":17},"end":{"line":38,"column":33}},"22":{"start":{"line":41,"column":18},"end":{"line":41,"column":79}},"23":{"start":{"line":43,"column":2},"end":{"line":45,"column":3}},"24":{"start":{"line":44,"column":4},"end":{"line":44,"column":80}},"25":{"start":{"line":47,"column":2},"end":{"line":47,"column":24}},"26":{"start":{"line":51,"column":13},"end":{"line":103,"column":3}},"27":{"start":{"line":53,"column":21},"end":{"line":53,"column":46}},"28":{"start":{"line":54,"column":2},"end":{"line":61,"column":3}},"29":{"start":{"line":55,"column":4},"end":{"line":59,"column":9}},"30":{"start":{"line":60,"column":4},"end":{"line":60,"column":11}},"31":{"start":{"line":63,"column":2},"end":{"line":102,"column":3}},"32":{"start":{"line":64,"column":18},"end":{"line":64,"column":48}},"33":{"start":{"line":65,"column":25},"end":{"line":65,"column":64}},"34":{"start":{"line":66,"column":19},"end":{"line":66,"column":35}},"35":{"start":{"line":68,"column":56},"end":{"line":68,"column":64}},"36":{"start":{"line":70,"column":4},"end":{"line":80,"column":5}},"37":{"start":{"line":71,"column":6},"end":{"line":78,"column":11}},"38":{"start":{"line":79,"column":6},"end":{"line":79,"column":13}},"39":{"start":{"line":82,"column":19},"end":{"line":86,"column":null}},"40":{"start":{"line":89,"column":4},"end":{"line":96,"column":7}},"41":{"start":{"line":98,"column":4},"end":{"line":98,"column":49}},"42":{"start":{"line":99,"column":4},"end":{"line":101,"column":79}},"43":{"start":{"line":106,"column":13},"end":{"line":146,"column":3}},"44":{"start":{"line":107,"column":21},"end":{"line":107,"column":46}},"45":{"start":{"line":108,"column":2},"end":{"line":115,"column":3}},"46":{"start":{"line":109,"column":4},"end":{"line":113,"column":9}},"47":{"start":{"line":114,"column":4},"end":{"line":114,"column":11}},"48":{"start":{"line":117,"column":2},"end":{"line":145,"column":3}},"49":{"start":{"line":118,"column":18},"end":{"line":118,"column":48}},"50":{"start":{"line":119,"column":4},"end":{"line":119,"column":44}},"51":{"start":{"line":121,"column":19},"end":{"line":121,"column":45}},"52":{"start":{"line":122,"column":4},"end":{"line":129,"column":5}},"53":{"start":{"line":123,"column":6},"end":{"line":127,"column":11}},"54":{"start":{"line":128,"column":6},"end":{"line":128,"column":13}},"55":{"start":{"line":131,"column":17},"end":{"line":131,"column":38}},"56":{"start":{"line":132,"column":4},"end":{"line":137,"column":5}},"57":{"start":{"line":133,"column":6},"end":{"line":135,"column":75}},"58":{"start":{"line":136,"column":6},"end":{"line":136,"column":13}},"59":{"start":{"line":139,"column":4},"end":{"line":139,"column":31}},"60":{"start":{"line":141,"column":4},"end":{"line":141,"column":48}},"61":{"start":{"line":142,"column":4},"end":{"line":144,"column":79}},"62":{"start":{"line":149,"column":13},"end":{"line":175,"column":3}},"63":{"start":{"line":150,"column":21},"end":{"line":150,"column":46}},"64":{"start":{"line":151,"column":2},"end":{"line":158,"column":3}},"65":{"start":{"line":152,"column":4},"end":{"line":156,"column":9}},"66":{"start":{"line":157,"column":4},"end":{"line":157,"column":11}},"67":{"start":{"line":160,"column":2},"end":{"line":174,"column":3}},"68":{"start":{"line":161,"column":18},"end":{"line":161,"column":48}},"69":{"start":{"line":162,"column":25},"end":{"line":162,"column":64}},"70":{"start":{"line":163,"column":19},"end":{"line":163,"column":35}},"71":{"start":{"line":165,"column":18},"end":{"line":165,"column":59}},"72":{"start":{"line":166,"column":18},"end":{"line":166,"column":48}},"73":{"start":{"line":168,"column":4},"end":{"line":168,"column":36}},"74":{"start":{"line":170,"column":4},"end":{"line":170,"column":49}},"75":{"start":{"line":171,"column":4},"end":{"line":173,"column":79}}},"fnMap":{"0":{"name":"(anonymous_9)","decl":{"start":{"line":178,"column":9},"end":{"line":178,"column":22}},"loc":{"start":{"line":178,"column":9},"end":{"line":8,"column":57}}},"1":{"name":"(anonymous_10)","decl":{"start":{"line":178,"column":24},"end":{"line":178,"column":41}},"loc":{"start":{"line":178,"column":24},"end":{"line":9,"column":65}}},"2":{"name":"(anonymous_11)","decl":{"start":{"line":178,"column":43},"end":{"line":178,"column":60}},"loc":{"start":{"line":178,"column":43},"end":{"line":10,"column":65}}},"3":{"name":"(anonymous_12)","decl":{"start":{"line":181,"column":9},"end":{"line":181,"column":37}},"loc":{"start":{"line":181,"column":9},"end":{"line":13,"column":79}}},"4":{"name":"(anonymous_13)","decl":{"start":{"line":181,"column":39},"end":{"line":181,"column":71}},"loc":{"start":{"line":181,"column":39},"end":{"line":14,"column":87}}},"5":{"name":"(anonymous_14)","decl":{"start":{"line":20,"column":48},"end":{"line":20,"column":49}},"loc":{"start":{"line":20,"column":61},"end":{"line":26,"column":1}}},"6":{"name":"(anonymous_15)","decl":{"start":{"line":29,"column":53},"end":{"line":29,"column":58}},"loc":{"start":{"line":29,"column":77},"end":{"line":48,"column":1}}},"7":{"name":"(anonymous_16)","decl":{"start":{"line":51,"column":56},"end":{"line":51,"column":61}},"loc":{"start":{"line":51,"column":75},"end":{"line":103,"column":1}}},"8":{"name":"(anonymous_17)","decl":{"start":{"line":106,"column":53},"end":{"line":106,"column":58}},"loc":{"start":{"line":106,"column":72},"end":{"line":146,"column":1}}},"9":{"name":"(anonymous_18)","decl":{"start":{"line":149,"column":55},"end":{"line":149,"column":60}},"loc":{"start":{"line":149,"column":74},"end":{"line":175,"column":1}}}},"branchMap":{"0":{"loc":{"start":{"line":31,"column":2},"end":{"line":36,"column":3}},"type":"if","locations":[{"start":{"line":31,"column":2},"end":{"line":36,"column":3}},{"start":{},"end":{}}]},"1":{"loc":{"start":{"line":43,"column":2},"end":{"line":45,"column":3}},"type":"if","locations":[{"start":{"line":43,"column":2},"end":{"line":45,"column":3}},{"start":{},"end":{}}]},"2":{"loc":{"start":{"line":54,"column":2},"end":{"line":61,"column":3}},"type":"if","locations":[{"start":{"line":54,"column":2},"end":{"line":61,"column":3}},{"start":{},"end":{}}]},"3":{"loc":{"start":{"line":54,"column":7},"end":{"line":54,"column":40}},"type":"cond-expr","locations":[{"start":{"line":54,"column":17},"end":{"line":54,"column":19}},{"start":{"line":54,"column":7},"end":{"line":54,"column":40}}]},"4":{"loc":{"start":{"line":54,"column":7},"end":{"line":54,"column":19}},"type":"binary-expr","locations":[{"start":{"line":54,"column":7},"end":{"line":54,"column":19}},{"start":{"line":54,"column":7},"end":{"line":54,"column":19}}]},"5":{"loc":{"start":{"line":70,"column":4},"end":{"line":80,"column":5}},"type":"if","locations":[{"start":{"line":70,"column":4},"end":{"line":80,"column":5}},{"start":{},"end":{}}]},"6":{"loc":{"start":{"line":70,"column":8},"end":{"line":70,"column":34}},"type":"binary-expr","locations":[{"start":{"line":70,"column":8},"end":{"line":70,"column":17}},{"start":{"line":70,"column":21},"end":{"line":70,"column":34}}]},"7":{"loc":{"start":{"line":108,"column":2},"end":{"line":115,"column":3}},"type":"if","locations":[{"start":{"line":108,"column":2},"end":{"line":115,"column":3}},{"start":{},"end":{}}]},"8":{"loc":{"start":{"line":108,"column":7},"end":{"line":108,"column":40}},"type":"cond-expr","locations":[{"start":{"line":108,"column":17},"end":{"line":108,"column":19}},{"start":{"line":108,"column":7},"end":{"line":108,"column":40}}]},"9":{"loc":{"start":{"line":108,"column":7},"end":{"line":108,"column":19}},"type":"binary-expr","locations":[{"start":{"line":108,"column":7},"end":{"line":108,"column":19}},{"start":{"line":108,"column":7},"end":{"line":108,"column":19}}]},"10":{"loc":{"start":{"line":122,"column":4},"end":{"line":129,"column":5}},"type":"if","locations":[{"start":{"line":122,"column":4},"end":{"line":129,"column":5}},{"start":{},"end":{}}]},"11":{"loc":{"start":{"line":132,"column":4},"end":{"line":137,"column":5}},"type":"if","locations":[{"start":{"line":132,"column":4},"end":{"line":137,"column":5}},{"start":{},"end":{}}]},"12":{"loc":{"start":{"line":151,"column":2},"end":{"line":158,"column":3}},"type":"if","locations":[{"start":{"line":151,"column":2},"end":{"line":158,"column":3}},{"start":{},"end":{}}]},"13":{"loc":{"start":{"line":151,"column":7},"end":{"line":151,"column":40}},"type":"cond-expr","locations":[{"start":{"line":151,"column":17},"end":{"line":151,"column":19}},{"start":{"line":151,"column":7},"end":{"line":151,"column":40}}]},"14":{"loc":{"start":{"line":151,"column":7},"end":{"line":151,"column":19}},"type":"binary-expr","locations":[{"start":{"line":151,"column":7},"end":{"line":151,"column":19}},{"start":{"line":151,"column":7},"end":{"line":151,"column":19}}]},"15":{"loc":{"start":{"line":165,"column":18},"end":{"line":165,"column":59}},"type":"binary-expr","locations":[{"start":{"line":165,"column":18},"end":{"line":165,"column":53}},{"start":{"line":165,"column":57},"end":{"line":165,"column":59}}]}},"s":{"0":0,"1":0,"2":0,"3":0,"4":0,"5":0,"6":0,"7":0,"8":0,"9":0,"10":0,"11":0,"12":0,"13":0,"14":0,"15":0,"16":0,"17":0,"18":0,"19":0,"20":0,"21":0,"22":0,"23":0,"24":0,"25":0,"26":0,"27":0,"28":0,"29":0,"30":0,"31":0,"32":0,"33":0,"34":0,"35":0,"36":0,"37":0,"38":0,"39":0,"40":0,"41":0,"42":0,"43":0,"44":0,"45":0,"46":0,"47":0,"48":0,"49":0,"50":0,"51":0,"52":0,"53":0,"54":0,"55":0,"56":0,"57":0,"58":0,"59":0,"60":0,"61":0,"62":0,"63":0,"64":0,"65":0,"66":0,"67":0,"68":0,"69":0,"70":0,"71":0,"72":0,"73":0,"74":0,"75":0},"f":{"0":0,"1":0,"2":0,"3":0,"4":0,"5":0,"6":0,"7":0,"8":0,"9":0},"b":{"0":[0,0],"1":[0,0],"2":[0,0],"3":[0,0],"4":[0,0],"5":[0,0],"6":[0,0],"7":[0,0],"8":[0,0],"9":[0,0],"10":[0,0],"11":[0,0],"12":[0,0],"13":[0,0],"14":[0,0],"15":[0,0]}}
,"/Users/w/code/abundance-mvp/functions/src/ai-pipeline/cost-tracking/CostLogger.ts": {"path":"/Users/w/code/abundance-mvp/functions/src/ai-pipeline/cost-tracking/CostLogger.ts","statementMap":{"0":{"start":{"line":1,"column":0},"end":{"line":1,"column":40}},"1":{"start":{"line":25,"column":15},"end":{"line":25,"column":32}},"2":{"start":{"line":26,"column":4},"end":{"line":29,"column":7}},"3":{"start":{"line":43,"column":71},"end":{"line":48,"column":6}},"4":{"start":{"line":50,"column":25},"end":{"line":50,"column":39}},"5":{"start":{"line":51,"column":4},"end":{"line":53,"column":5}},"6":{"start":{"line":52,"column":6},"end":{"line":52,"column":49}},"7":{"start":{"line":55,"column":22},"end":{"line":55,"column":54}},"8":{"start":{"line":56,"column":23},"end":{"line":56,"column":57}},"9":{"start":{"line":58,"column":4},"end":{"line":58,"column":34}},"10":{"start":{"line":20,"column":0},"end":{"line":20,"column":13}}},"fnMap":{"0":{"name":"(anonymous_9)","decl":{"start":{"line":24,"column":2},"end":{"line":24,"column":7}},"loc":{"start":{"line":24,"column":35},"end":{"line":30,"column":3}}},"1":{"name":"(anonymous_10)","decl":{"start":{"line":38,"column":2},"end":{"line":38,"column":15}},"loc":{"start":{"line":41,"column":24},"end":{"line":59,"column":3}}}},"branchMap":{"0":{"loc":{"start":{"line":51,"column":4},"end":{"line":53,"column":5}},"type":"if","locations":[{"start":{"line":51,"column":4},"end":{"line":53,"column":5}},{"start":{},"end":{}}]}},"s":{"0":4,"1":1,"2":1,"3":1,"4":1,"5":1,"6":0,"7":1,"8":1,"9":1,"10":4},"f":{"0":1,"1":1},"b":{"0":[0,1]}}
,"/Users/w/code/abundance-mvp/functions/src/ai-pipeline/layer2a/extractAttributes.ts": {"path":"/Users/w/code/abundance-mvp/functions/src/ai-pipeline/layer2a/extractAttributes.ts","statementMap":{"0":{"start":{"line":12,"column":0},"end":{"line":12,"column":7}},"1":{"start":{"line":1,"column":0},"end":{"line":1,"column":61}},"2":{"start":{"line":2,"column":0},"end":{"line":2,"column":57}},"3":{"start":{"line":17,"column":19},"end":{"line":17,"column":39}},"4":{"start":{"line":18,"column":17},"end":{"line":18,"column":33}},"5":{"start":{"line":20,"column":20},"end":{"line":20,"column":30}},"6":{"start":{"line":23,"column":17},"end":{"line":23,"column":75}},"7":{"start":{"line":25,"column":18},"end":{"line":25,"column":40}},"8":{"start":{"line":28,"column":16},"end":{"line":28,"column":28}},"9":{"start":{"line":29,"column":2},"end":{"line":29,"column":22}},"10":{"start":{"line":32,"column":15},"end":{"line":35,"column":null}},"11":{"start":{"line":39,"column":2},"end":{"line":50,"column":5}},"12":{"start":{"line":52,"column":2},"end":{"line":52,"column":102}},"13":{"start":{"line":54,"column":2},"end":{"line":54,"column":16}}},"fnMap":{"0":{"name":"extractAttributesLayer2a","decl":{"start":{"line":12,"column":22},"end":{"line":12,"column":46}},"loc":{"start":{"line":15,"column":18},"end":{"line":55,"column":1}}}},"branchMap":{},"s":{"0":3,"1":3,"2":3,"3":1,"4":1,"5":1,"6":1,"7":1,"8":1,"9":1,"10":1,"11":1,"12":1,"13":1},"f":{"0":1},"b":{}}
,"/Users/w/code/abundance-mvp/functions/src/ai-pipeline/providers/GeminiProvider.ts": {"path":"/Users/w/code/abundance-mvp/functions/src/ai-pipeline/providers/GeminiProvider.ts","statementMap":{"0":{"start":{"line":1,"column":0},"end":{"line":1,"column":44}},"1":{"start":{"line":2,"column":0},"end":{"line":2,"column":48}},"2":{"start":{"line":3,"column":0},"end":{"line":3,"column":31}},"3":{"start":{"line":15,"column":19},"end":{"line":15,"column":84}},"4":{"start":{"line":16,"column":4},"end":{"line":18,"column":5}},"5":{"start":{"line":17,"column":6},"end":{"line":17,"column":154}},"6":{"start":{"line":20,"column":4},"end":{"line":20,"column":45}},"7":{"start":{"line":32,"column":26},"end":{"line":32,"column":47}},"8":{"start":{"line":33,"column":24},"end":{"line":33,"column":57}},"9":{"start":{"line":34,"column":24},"end":{"line":34,"column":67}},"10":{"start":{"line":37,"column":23},"end":{"line":37,"column":24}},"11":{"start":{"line":38,"column":22},"end":{"line":38,"column":26}},"12":{"start":{"line":39,"column":34},"end":{"line":39,"column":38}},"13":{"start":{"line":41,"column":4},"end":{"line":106,"column":5}},"14":{"start":{"line":41,"column":23},"end":{"line":41,"column":24}},"15":{"start":{"line":42,"column":6},"end":{"line":105,"column":7}},"16":{"start":{"line":44,"column":23},"end":{"line":68,"column":10}},"17":{"start":{"line":70,"column":21},"end":{"line":70,"column":32}},"18":{"start":{"line":71,"column":8},"end":{"line":73,"column":9}},"19":{"start":{"line":72,"column":10},"end":{"line":72,"column":62}},"20":{"start":{"line":74,"column":27},"end":{"line":74,"column":43}},"21":{"start":{"line":77,"column":22},"end":{"line":77,"column":42}},"22":{"start":{"line":78,"column":9},"end":{"line":82,"column":10}},"23":{"start":{"line":84,"column":8},"end":{"line":84,"column":26}},"24":{"start":{"line":86,"column":8},"end":{"line":86,"column":26}},"25":{"start":{"line":89,"column":8},"end":{"line":94,"column":9}},"26":{"start":{"line":93,"column":10},"end":{"line":93,"column":22}},"27":{"start":{"line":97,"column":8},"end":{"line":104,"column":9}},"28":{"start":{"line":98,"column":24},"end":{"line":101,"column":12}},"29":{"start":{"line":102,"column":10},"end":{"line":102,"column":82}},"30":{"start":{"line":103,"column":10},"end":{"line":103,"column":67}},"31":{"start":{"line":103,"column":39},"end":{"line":103,"column":65}},"32":{"start":{"line":108,"column":4},"end":{"line":108,"column":83}},"33":{"start":{"line":115,"column":4},"end":{"line":144,"column":6}},"34":{"start":{"line":151,"column":4},"end":{"line":159,"column":90}},"35":{"start":{"line":9,"column":0},"end":{"line":9,"column":13}}},"fnMap":{"0":{"name":"(anonymous_10)","decl":{"start":{"line":12,"column":2},"end":{"line":12,"column":null}},"loc":{"start":{"line":12,"column":2},"end":{"line":21,"column":3}}},"1":{"name":"(anonymous_11)","decl":{"start":{"line":26,"column":2},"end":{"line":26,"column":7}},"loc":{"start":{"line":29,"column":18},"end":{"line":109,"column":3}}},"2":{"name":"(anonymous_12)","decl":{"start":{"line":103,"column":28},"end":{"line":103,"column":35}},"loc":{"start":{"line":103,"column":39},"end":{"line":103,"column":65}}},"3":{"name":"(anonymous_13)","decl":{"start":{"line":114,"column":10},"end":{"line":114,"column":28}},"loc":{"start":{"line":114,"column":28},"end":{"line":145,"column":3}}},"4":{"name":"(anonymous_14)","decl":{"start":{"line":150,"column":10},"end":{"line":150,"column":19}},"loc":{"start":{"line":150,"column":19},"end":{"line":160,"column":3}}}},"branchMap":{"0":{"loc":{"start":{"line":15,"column":19},"end":{"line":15,"column":84}},"type":"binary-expr","locations":[{"start":{"line":15,"column":19},"end":{"line":15,"column":45}},{"start":{"line":15,"column":49},"end":{"line":15,"column":83}}]},"1":{"loc":{"start":{"line":15,"column":49},"end":{"line":15,"column":83}},"type":"cond-expr","locations":[{"start":{"line":15,"column":74},"end":{"line":15,"column":76}},{"start":{"line":15,"column":74},"end":{"line":15,"column":83}}]},"2":{"loc":{"start":{"line":15,"column":49},"end":{"line":15,"column":76}},"type":"binary-expr","locations":[{"start":{"line":15,"column":49},"end":{"line":15,"column":76}},{"start":{"line":15,"column":74},"end":{"line":15,"column":76}}]},"3":{"loc":{"start":{"line":16,"column":4},"end":{"line":18,"column":5}},"type":"if","locations":[{"start":{"line":16,"column":4},"end":{"line":18,"column":5}},{"start":{},"end":{}}]},"4":{"loc":{"start":{"line":71,"column":8},"end":{"line":73,"column":9}},"type":"if","locations":[{"start":{"line":71,"column":8},"end":{"line":73,"column":9}},{"start":{},"end":{}}]},"5":{"loc":{"start":{"line":79,"column":23},"end":{"line":79,"column":51}},"type":"binary-expr","locations":[{"start":{"line":79,"column":23},"end":{"line":79,"column":46}},{"start":{"line":79,"column":50},"end":{"line":79,"column":51}}]},"6":{"loc":{"start":{"line":79,"column":23},"end":{"line":79,"column":46}},"type":"cond-expr","locations":[{"start":{"line":79,"column":28},"end":{"line":79,"column":30}},{"start":{"line":79,"column":23},"end":{"line":79,"column":46}}]},"7":{"loc":{"start":{"line":79,"column":23},"end":{"line":79,"column":30}},"type":"binary-expr","locations":[{"start":{"line":79,"column":23},"end":{"line":79,"column":30}},{"start":{"line":79,"column":23},"end":{"line":79,"column":30}}]},"8":{"loc":{"start":{"line":80,"column":24},"end":{"line":80,"column":56}},"type":"binary-expr","locations":[{"start":{"line":80,"column":24},"end":{"line":80,"column":51}},{"start":{"line":80,"column":55},"end":{"line":80,"column":56}}]},"9":{"loc":{"start":{"line":80,"column":24},"end":{"line":80,"column":51}},"type":"cond-expr","locations":[{"start":{"line":80,"column":29},"end":{"line":80,"column":31}},{"start":{"line":80,"column":24},"end":{"line":80,"column":51}}]},"10":{"loc":{"start":{"line":80,"column":24},"end":{"line":80,"column":31}},"type":"binary-expr","locations":[{"start":{"line":80,"column":24},"end":{"line":80,"column":31}},{"start":{"line":80,"column":24},"end":{"line":80,"column":31}}]},"11":{"loc":{"start":{"line":81,"column":23},"end":{"line":81,"column":50}},"type":"binary-expr","locations":[{"start":{"line":81,"column":23},"end":{"line":81,"column":45}},{"start":{"line":81,"column":49},"end":{"line":81,"column":50}}]},"12":{"loc":{"start":{"line":81,"column":23},"end":{"line":81,"column":45}},"type":"cond-expr","locations":[{"start":{"line":81,"column":28},"end":{"line":81,"column":30}},{"start":{"line":81,"column":23},"end":{"line":81,"column":45}}]},"13":{"loc":{"start":{"line":81,"column":23},"end":{"line":81,"column":30}},"type":"binary-expr","locations":[{"start":{"line":81,"column":23},"end":{"line":81,"column":30}},{"start":{"line":81,"column":23},"end":{"line":81,"column":30}}]},"14":{"loc":{"start":{"line":89,"column":8},"end":{"line":94,"column":9}},"type":"if","locations":[{"start":{"line":89,"column":8},"end":{"line":94,"column":9}},{"start":{},"end":{}}]},"15":{"loc":{"start":{"line":90,"column":10},"end":{"line":91,"column":43}},"type":"binary-expr","locations":[{"start":{"line":90,"column":10},"end":{"line":90,"column":39}},{"start":{"line":91,"column":10},"end":{"line":91,"column":43}}]},"16":{"loc":{"start":{"line":97,"column":8},"end":{"line":104,"column":9}},"type":"if","locations":[{"start":{"line":97,"column":8},"end":{"line":104,"column":9}},{"start":{},"end":{}}]},"17":{"loc":{"start":{"line":108,"column":61},"end":{"line":108,"column":79}},"type":"cond-expr","locations":[{"start":{"line":108,"column":70},"end":{"line":108,"column":72}},{"start":{"line":108,"column":61},"end":{"line":108,"column":79}}]},"18":{"loc":{"start":{"line":108,"column":61},"end":{"line":108,"column":72}},"type":"binary-expr","locations":[{"start":{"line":108,"column":61},"end":{"line":108,"column":72}},{"start":{"line":108,"column":61},"end":{"line":108,"column":72}}]}},"s":{"0":4,"1":4,"2":4,"3":4,"4":4,"5":1,"6":3,"7":3,"8":3,"9":3,"10":3,"11":3,"12":3,"13":3,"14":3,"15":4,"16":4,"17":3,"18":3,"19":0,"20":3,"21":3,"22":3,"23":3,"24":1,"25":1,"26":0,"27":1,"28":1,"29":1,"30":1,"31":1,"32":0,"33":4,"34":4,"35":4},"f":{"0":4,"1":3,"2":1,"3":4,"4":4},"b":{"0":[4,1],"1":[1,0],"2":[1,1],"3":[1,3],"4":[0,3],"5":[3,0],"6":[0,3],"7":[3,3],"8":[3,0],"9":[0,3],"10":[3,3],"11":[3,0],"12":[0,3],"13":[3,3],"14":[0,1],"15":[1,1],"16":[1,0],"17":[0,0],"18":[0,0]}}
,"/Users/w/code/abundance-mvp/functions/src/items/createItem.ts": {"path":"/Users/w/code/abundance-mvp/functions/src/items/createItem.ts","statementMap":{"0":{"start":{"line":14,"column":0},"end":{"line":14,"column":7}},"1":{"start":{"line":1,"column":0},"end":{"line":1,"column":40}},"2":{"start":{"line":20,"column":13},"end":{"line":20,"column":30}},"3":{"start":{"line":21,"column":17},"end":{"line":23,"column":19}},"4":{"start":{"line":25,"column":19},"end":{"line":35,"column":4}},"5":{"start":{"line":37,"column":2},"end":{"line":37,"column":57}},"6":{"start":{"line":39,"column":2},"end":{"line":39,"column":16}}},"fnMap":{"0":{"name":"createItem","decl":{"start":{"line":14,"column":22},"end":{"line":14,"column":32}},"loc":{"start":{"line":18,"column":32},"end":{"line":40,"column":1}}}},"branchMap":{},"s":{"0":1,"1":1,"2":1,"3":1,"4":1,"5":1,"6":1},"f":{"0":1},"b":{}}
,"/Users/w/code/abundance-mvp/functions/src/items/getItem.ts": {"path":"/Users/w/code/abundance-mvp/functions/src/items/getItem.ts","statementMap":{"0":{"start":{"line":12,"column":0},"end":{"line":12,"column":7}},"1":{"start":{"line":1,"column":0},"end":{"line":1,"column":40}},"2":{"start":{"line":13,"column":13},"end":{"line":13,"column":30}},"3":{"start":{"line":14,"column":14},"end":{"line":14,"column":60}},"4":{"start":{"line":16,"column":2},"end":{"line":18,"column":3}},"5":{"start":{"line":17,"column":4},"end":{"line":17,"column":16}},"6":{"start":{"line":20,"column":2},"end":{"line":20,"column":28}}},"fnMap":{"0":{"name":"getItem","decl":{"start":{"line":12,"column":22},"end":{"line":12,"column":29}},"loc":{"start":{"line":12,"column":44},"end":{"line":21,"column":1}}}},"branchMap":{"0":{"loc":{"start":{"line":16,"column":2},"end":{"line":18,"column":3}},"type":"if","locations":[{"start":{"line":16,"column":2},"end":{"line":18,"column":3}},{"start":{},"end":{}}]}},"s":{"0":1,"1":1,"2":1,"3":1,"4":1,"5":0,"6":1},"f":{"0":1},"b":{"0":[0,1]}}
,"/Users/w/code/abundance-mvp/functions/src/items/listItems.ts": {"path":"/Users/w/code/abundance-mvp/functions/src/items/listItems.ts","statementMap":{"0":{"start":{"line":8,"column":0},"end":{"line":8,"column":7}},"1":{"start":{"line":1,"column":0},"end":{"line":1,"column":40}},"2":{"start":{"line":12,"column":13},"end":{"line":12,"column":30}},"3":{"start":{"line":14,"column":24},"end":{"line":19,"column":10}},"4":{"start":{"line":21,"column":2},"end":{"line":24,"column":6}},"5":{"start":{"line":21,"column":41},"end":{"line":23,"column":null}}},"fnMap":{"0":{"name":"listItems","decl":{"start":{"line":8,"column":22},"end":{"line":8,"column":31}},"loc":{"start":{"line":10,"column":20},"end":{"line":25,"column":1}}},"1":{"name":"(anonymous_10)","decl":{"start":{"line":21,"column":32},"end":{"line":21,"column":33}},"loc":{"start":{"line":21,"column":41},"end":{"line":23,"column":null}}}},"branchMap":{"0":{"loc":{"start":{"line":10,"column":2},"end":{"line":10,"column":20}},"type":"default-arg","locations":[{"start":{"line":10,"column":18},"end":{"line":10,"column":20}}]}},"s":{"0":1,"1":1,"2":1,"3":1,"4":1,"5":2},"f":{"0":1,"1":2},"b":{"0":[0]}}
,"/Users/w/code/abundance-mvp/functions/src/scheduled/checkSubscriptionExpiry.ts": {"path":"/Users/w/code/abundance-mvp/functions/src/scheduled/checkSubscriptionExpiry.ts","statementMap":{"0":{"start":{"line":29,"column":0},"end":{"line":29,"column":7}},"1":{"start":{"line":1,"column":0},"end":{"line":1,"column":61}},"2":{"start":{"line":2,"column":0},"end":{"line":2,"column":40}},"3":{"start":{"line":9,"column":13},"end":{"line":24,"column":2}},"4":{"start":{"line":15,"column":4},"end":{"line":15,"column":72}},"5":{"start":{"line":16,"column":4},"end":{"line":22,"column":5}},"6":{"start":{"line":17,"column":6},"end":{"line":17,"column":38}},"7":{"start":{"line":18,"column":6},"end":{"line":18,"column":75}},"8":{"start":{"line":20,"column":6},"end":{"line":20,"column":58}},"9":{"start":{"line":21,"column":6},"end":{"line":21,"column":18}},"10":{"start":{"line":30,"column":13},"end":{"line":30,"column":30}},"11":{"start":{"line":31,"column":14},"end":{"line":31,"column":45}},"12":{"start":{"line":33,"column":2},"end":{"line":33,"column":104}},"13":{"start":{"line":36,"column":16},"end":{"line":40,"column":15}},"14":{"start":{"line":42,"column":19},"end":{"line":42,"column":36}},"15":{"start":{"line":44,"column":2},"end":{"line":47,"column":3}},"16":{"start":{"line":45,"column":4},"end":{"line":45,"column":60}},"17":{"start":{"line":46,"column":4},"end":{"line":46,"column":11}},"18":{"start":{"line":49,"column":2},"end":{"line":49,"column":78}},"19":{"start":{"line":52,"column":16},"end":{"line":52,"column":26}},"20":{"start":{"line":53,"column":2},"end":{"line":60,"column":5}},"21":{"start":{"line":54,"column":4},"end":{"line":59,"column":7}},"22":{"start":{"line":62,"column":2},"end":{"line":62,"column":23}},"23":{"start":{"line":64,"column":2},"end":{"line":64,"column":80}}},"fnMap":{"0":{"name":"(anonymous_9)","decl":{"start":{"line":14,"column":2},"end":{"line":14,"column":7}},"loc":{"start":{"line":14,"column":18},"end":{"line":23,"column":3}}},"1":{"name":"checkSubscriptionExpiry","decl":{"start":{"line":29,"column":22},"end":{"line":29,"column":45}},"loc":{"start":{"line":29,"column":45},"end":{"line":65,"column":1}}},"2":{"name":"(anonymous_11)","decl":{"start":{"line":53,"column":24},"end":{"line":53,"column":25}},"loc":{"start":{"line":53,"column":32},"end":{"line":60,"column":3}}}},"branchMap":{"0":{"loc":{"start":{"line":44,"column":2},"end":{"line":47,"column":3}},"type":"if","locations":[{"start":{"line":44,"column":2},"end":{"line":47,"column":3}},{"start":{},"end":{}}]}},"s":{"0":1,"1":1,"2":1,"3":1,"4":0,"5":0,"6":0,"7":0,"8":0,"9":0,"10":0,"11":0,"12":0,"13":0,"14":0,"15":0,"16":0,"17":0,"18":0,"19":0,"20":0,"21":0,"22":0,"23":0},"f":{"0":0,"1":0,"2":0},"b":{"0":[0,0]}}
,"/Users/w/code/abundance-mvp/functions/src/scheduled/cleanupDeletedItems.ts": {"path":"/Users/w/code/abundance-mvp/functions/src/scheduled/cleanupDeletedItems.ts","statementMap":{"0":{"start":{"line":31,"column":0},"end":{"line":31,"column":7}},"1":{"start":{"line":1,"column":0},"end":{"line":1,"column":61}},"2":{"start":{"line":2,"column":0},"end":{"line":2,"column":40}},"3":{"start":{"line":11,"column":13},"end":{"line":26,"column":2}},"4":{"start":{"line":17,"column":4},"end":{"line":17,"column":62}},"5":{"start":{"line":18,"column":4},"end":{"line":24,"column":5}},"6":{"start":{"line":19,"column":6},"end":{"line":19,"column":34}},"7":{"start":{"line":20,"column":6},"end":{"line":20,"column":65}},"8":{"start":{"line":22,"column":6},"end":{"line":22,"column":52}},"9":{"start":{"line":23,"column":6},"end":{"line":23,"column":18}},"10":{"start":{"line":32,"column":13},"end":{"line":32,"column":30}},"11":{"start":{"line":35,"column":21},"end":{"line":35,"column":68}},"12":{"start":{"line":36,"column":26},"end":{"line":36,"column":72}},"13":{"start":{"line":38,"column":2},"end":{"line":38,"column":68}},"14":{"start":{"line":41,"column":16},"end":{"line":45,"column":15}},"15":{"start":{"line":47,"column":19},"end":{"line":47,"column":36}},"16":{"start":{"line":49,"column":2},"end":{"line":52,"column":3}},"17":{"start":{"line":50,"column":4},"end":{"line":50,"column":48}},"18":{"start":{"line":51,"column":4},"end":{"line":51,"column":11}},"19":{"start":{"line":54,"column":2},"end":{"line":54,"column":66}},"20":{"start":{"line":57,"column":16},"end":{"line":57,"column":26}},"21":{"start":{"line":58,"column":2},"end":{"line":60,"column":5}},"22":{"start":{"line":59,"column":4},"end":{"line":59,"column":26}},"23":{"start":{"line":62,"column":2},"end":{"line":62,"column":23}},"24":{"start":{"line":64,"column":2},"end":{"line":64,"column":70}}},"fnMap":{"0":{"name":"(anonymous_9)","decl":{"start":{"line":16,"column":2},"end":{"line":16,"column":7}},"loc":{"start":{"line":16,"column":18},"end":{"line":25,"column":3}}},"1":{"name":"cleanupDeletedItems","decl":{"start":{"line":31,"column":22},"end":{"line":31,"column":41}},"loc":{"start":{"line":31,"column":41},"end":{"line":65,"column":1}}},"2":{"name":"(anonymous_11)","decl":{"start":{"line":58,"column":24},"end":{"line":58,"column":25}},"loc":{"start":{"line":58,"column":32},"end":{"line":60,"column":3}}}},"branchMap":{"0":{"loc":{"start":{"line":49,"column":2},"end":{"line":52,"column":3}},"type":"if","locations":[{"start":{"line":49,"column":2},"end":{"line":52,"column":3}},{"start":{},"end":{}}]}},"s":{"0":1,"1":1,"2":1,"3":1,"4":0,"5":0,"6":0,"7":0,"8":0,"9":0,"10":0,"11":0,"12":0,"13":0,"14":0,"15":0,"16":0,"17":0,"18":0,"19":0,"20":0,"21":0,"22":0,"23":0,"24":0},"f":{"0":0,"1":0,"2":0},"b":{"0":[0,0]}}
,"/Users/w/code/abundance-mvp/functions/src/triggers/onItemCreated.ts": {"path":"/Users/w/code/abundance-mvp/functions/src/triggers/onItemCreated.ts","statementMap":{"0":{"start":{"line":1,"column":0},"end":{"line":1,"column":61}},"1":{"start":{"line":2,"column":0},"end":{"line":2,"column":40}},"2":{"start":{"line":3,"column":0},"end":{"line":3,"column":84}},"3":{"start":{"line":10,"column":13},"end":{"line":78,"column":2}},"4":{"start":{"line":13,"column":19},"end":{"line":13,"column":38}},"5":{"start":{"line":14,"column":17},"end":{"line":14,"column":35}},"6":{"start":{"line":16,"column":4},"end":{"line":19,"column":5}},"7":{"start":{"line":17,"column":6},"end":{"line":17,"column":65}},"8":{"start":{"line":18,"column":6},"end":{"line":18,"column":13}},"9":{"start":{"line":22,"column":4},"end":{"line":25,"column":5}},"10":{"start":{"line":23,"column":6},"end":{"line":23,"column":85}},"11":{"start":{"line":24,"column":6},"end":{"line":24,"column":13}},"12":{"start":{"line":28,"column":4},"end":{"line":39,"column":5}},"13":{"start":{"line":29,"column":6},"end":{"line":29,"column":74}},"14":{"start":{"line":30,"column":6},"end":{"line":37,"column":9}},"15":{"start":{"line":38,"column":6},"end":{"line":38,"column":13}},"16":{"start":{"line":41,"column":4},"end":{"line":41,"column":56}},"17":{"start":{"line":43,"column":4},"end":{"line":76,"column":5}},"18":{"start":{"line":45,"column":25},"end":{"line":48,"column":null}},"19":{"start":{"line":52,"column":6},"end":{"line":62,"column":9}},"20":{"start":{"line":64,"column":6},"end":{"line":64,"column":60}},"21":{"start":{"line":66,"column":6},"end":{"line":66,"column":68}},"22":{"start":{"line":68,"column":6},"end":{"line":75,"column":9}}},"fnMap":{"0":{"name":"(anonymous_9)","decl":{"start":{"line":12,"column":2},"end":{"line":12,"column":7}},"loc":{"start":{"line":12,"column":18},"end":{"line":77,"column":3}}}},"branchMap":{"0":{"loc":{"start":{"line":14,"column":17},"end":{"line":14,"column":35}},"type":"cond-expr","locations":[{"start":{"line":14,"column":27},"end":{"line":14,"column":29}},{"start":{"line":14,"column":27},"end":{"line":14,"column":35}}]},"1":{"loc":{"start":{"line":14,"column":17},"end":{"line":14,"column":29}},"type":"binary-expr","locations":[{"start":{"line":14,"column":17},"end":{"line":14,"column":29}},{"start":{"line":14,"column":27},"end":{"line":14,"column":29}}]},"2":{"loc":{"start":{"line":16,"column":4},"end":{"line":19,"column":5}},"type":"if","locations":[{"start":{"line":16,"column":4},"end":{"line":19,"column":5}},{"start":{},"end":{}}]},"3":{"loc":{"start":{"line":22,"column":4},"end":{"line":25,"column":5}},"type":"if","locations":[{"start":{"line":22,"column":4},"end":{"line":25,"column":5}},{"start":{},"end":{}}]},"4":{"loc":{"start":{"line":28,"column":4},"end":{"line":39,"column":5}},"type":"if","locations":[{"start":{"line":28,"column":4},"end":{"line":39,"column":5}},{"start":{},"end":{}}]},"5":{"loc":{"start":{"line":30,"column":12},"end":{"line":37,"column":8}},"type":"cond-expr","locations":[{"start":{"line":30,"column":22},"end":{"line":30,"column":24}},{"start":{"line":30,"column":22},"end":{"line":37,"column":8}}]},"6":{"loc":{"start":{"line":30,"column":12},"end":{"line":30,"column":24}},"type":"binary-expr","locations":[{"start":{"line":30,"column":12},"end":{"line":30,"column":24}},{"start":{"line":30,"column":22},"end":{"line":30,"column":24}}]},"7":{"loc":{"start":{"line":52,"column":12},"end":{"line":62,"column":8}},"type":"cond-expr","locations":[{"start":{"line":52,"column":22},"end":{"line":52,"column":24}},{"start":{"line":52,"column":22},"end":{"line":62,"column":8}}]},"8":{"loc":{"start":{"line":52,"column":12},"end":{"line":52,"column":24}},"type":"binary-expr","locations":[{"start":{"line":52,"column":12},"end":{"line":52,"column":24}},{"start":{"line":52,"column":22},"end":{"line":52,"column":24}}]},"9":{"loc":{"start":{"line":56,"column":28},"end":{"line":56,"column":55}},"type":"binary-expr","locations":[{"start":{"line":56,"column":28},"end":{"line":56,"column":47}},{"start":{"line":56,"column":51},"end":{"line":56,"column":55}}]},"10":{"loc":{"start":{"line":58,"column":30},"end":{"line":58,"column":59}},"type":"binary-expr","locations":[{"start":{"line":58,"column":30},"end":{"line":58,"column":51}},{"start":{"line":58,"column":55},"end":{"line":58,"column":59}}]},"11":{"loc":{"start":{"line":68,"column":12},"end":{"line":75,"column":8}},"type":"cond-expr","locations":[{"start":{"line":68,"column":22},"end":{"line":68,"column":24}},{"start":{"line":68,"column":22},"end":{"line":75,"column":8}}]},"12":{"loc":{"start":{"line":68,"column":12},"end":{"line":68,"column":24}},"type":"binary-expr","locations":[{"start":{"line":68,"column":12},"end":{"line":68,"column":24}},{"start":{"line":68,"column":22},"end":{"line":68,"column":24}}]}},"s":{"0":1,"1":1,"2":1,"3":1,"4":0,"5":0,"6":0,"7":0,"8":0,"9":0,"10":0,"11":0,"12":0,"13":0,"14":0,"15":0,"16":0,"17":0,"18":0,"19":0,"20":0,"21":0,"22":0},"f":{"0":0},"b":{"0":[0,0],"1":[0,0],"2":[0,0],"3":[0,0],"4":[0,0],"5":[0,0],"6":[0,0],"7":[0,0],"8":[0,0],"9":[0,0],"10":[0,0],"11":[0,0],"12":[0,0]}}
,"/Users/w/code/abundance-mvp/functions/src/triggers/onLayer2aComplete.ts": {"path":"/Users/w/code/abundance-mvp/functions/src/triggers/onLayer2aComplete.ts","statementMap":{"0":{"start":{"line":1,"column":0},"end":{"line":1,"column":61}},"1":{"start":{"line":2,"column":0},"end":{"line":2,"column":40}},"2":{"start":{"line":9,"column":13},"end":{"line":37,"column":2}},"3":{"start":{"line":12,"column":19},"end":{"line":12,"column":38}},"4":{"start":{"line":13,"column":19},"end":{"line":13,"column":44}},"5":{"start":{"line":14,"column":18},"end":{"line":14,"column":42}},"6":{"start":{"line":16,"column":4},"end":{"line":19,"column":5}},"7":{"start":{"line":17,"column":6},"end":{"line":17,"column":75}},"8":{"start":{"line":18,"column":6},"end":{"line":18,"column":13}},"9":{"start":{"line":22,"column":4},"end":{"line":24,"column":5}},"10":{"start":{"line":23,"column":6},"end":{"line":23,"column":13}},"11":{"start":{"line":26,"column":4},"end":{"line":26,"column":60}},"12":{"start":{"line":29,"column":4},"end":{"line":33,"column":7}},"13":{"start":{"line":35,"column":4},"end":{"line":35,"column":59}}},"fnMap":{"0":{"name":"(anonymous_9)","decl":{"start":{"line":11,"column":2},"end":{"line":11,"column":7}},"loc":{"start":{"line":11,"column":18},"end":{"line":36,"column":3}}}},"branchMap":{"0":{"loc":{"start":{"line":13,"column":19},"end":{"line":13,"column":44}},"type":"cond-expr","locations":[{"start":{"line":13,"column":29},"end":{"line":13,"column":31}},{"start":{"line":13,"column":29},"end":{"line":13,"column":44}}]},"1":{"loc":{"start":{"line":13,"column":19},"end":{"line":13,"column":31}},"type":"binary-expr","locations":[{"start":{"line":13,"column":19},"end":{"line":13,"column":31}},{"start":{"line":13,"column":29},"end":{"line":13,"column":31}}]},"2":{"loc":{"start":{"line":14,"column":18},"end":{"line":14,"column":42}},"type":"cond-expr","locations":[{"start":{"line":14,"column":28},"end":{"line":14,"column":30}},{"start":{"line":14,"column":28},"end":{"line":14,"column":42}}]},"3":{"loc":{"start":{"line":14,"column":18},"end":{"line":14,"column":30}},"type":"binary-expr","locations":[{"start":{"line":14,"column":18},"end":{"line":14,"column":30}},{"start":{"line":14,"column":28},"end":{"line":14,"column":30}}]},"4":{"loc":{"start":{"line":16,"column":4},"end":{"line":19,"column":5}},"type":"if","locations":[{"start":{"line":16,"column":4},"end":{"line":19,"column":5}},{"start":{},"end":{}}]},"5":{"loc":{"start":{"line":22,"column":4},"end":{"line":24,"column":5}},"type":"if","locations":[{"start":{"line":22,"column":4},"end":{"line":24,"column":5}},{"start":{},"end":{}}]},"6":{"loc":{"start":{"line":22,"column":8},"end":{"line":22,"column":84}},"type":"binary-expr","locations":[{"start":{"line":22,"column":8},"end":{"line":22,"column":45}},{"start":{"line":22,"column":49},"end":{"line":22,"column":84}}]},"7":{"loc":{"start":{"line":22,"column":8},"end":{"line":22,"column":22}},"type":"cond-expr","locations":[{"start":{"line":22,"column":14},"end":{"line":22,"column":16}},{"start":{"line":22,"column":8},"end":{"line":22,"column":22}}]},"8":{"loc":{"start":{"line":22,"column":8},"end":{"line":22,"column":16}},"type":"binary-expr","locations":[{"start":{"line":22,"column":8},"end":{"line":22,"column":16}},{"start":{"line":22,"column":8},"end":{"line":22,"column":16}}]},"9":{"loc":{"start":{"line":29,"column":10},"end":{"line":33,"column":6}},"type":"cond-expr","locations":[{"start":{"line":29,"column":20},"end":{"line":29,"column":22}},{"start":{"line":29,"column":20},"end":{"line":33,"column":6}}]},"10":{"loc":{"start":{"line":29,"column":10},"end":{"line":29,"column":22}},"type":"binary-expr","locations":[{"start":{"line":29,"column":10},"end":{"line":29,"column":22}},{"start":{"line":29,"column":20},"end":{"line":29,"column":22}}]}},"s":{"0":1,"1":1,"2":1,"3":0,"4":0,"5":0,"6":0,"7":0,"8":0,"9":0,"10":0,"11":0,"12":0,"13":0},"f":{"0":0},"b":{"0":[0,0],"1":[0,0],"2":[0,0],"3":[0,0],"4":[0,0],"5":[0,0],"6":[0,0],"7":[0,0],"8":[0,0],"9":[0,0],"10":[0,0]}}
,"/Users/w/code/abundance-mvp/functions/src/triggers/onLayer2bComplete.ts": {"path":"/Users/w/code/abundance-mvp/functions/src/triggers/onLayer2bComplete.ts","statementMap":{"0":{"start":{"line":1,"column":0},"end":{"line":1,"column":61}},"1":{"start":{"line":2,"column":0},"end":{"line":2,"column":40}},"2":{"start":{"line":9,"column":13},"end":{"line":37,"column":2}},"3":{"start":{"line":12,"column":19},"end":{"line":12,"column":38}},"4":{"start":{"line":13,"column":19},"end":{"line":13,"column":44}},"5":{"start":{"line":14,"column":18},"end":{"line":14,"column":42}},"6":{"start":{"line":16,"column":4},"end":{"line":19,"column":5}},"7":{"start":{"line":17,"column":6},"end":{"line":17,"column":75}},"8":{"start":{"line":18,"column":6},"end":{"line":18,"column":13}},"9":{"start":{"line":22,"column":4},"end":{"line":24,"column":5}},"10":{"start":{"line":23,"column":6},"end":{"line":23,"column":13}},"11":{"start":{"line":26,"column":4},"end":{"line":26,"column":59}},"12":{"start":{"line":29,"column":4},"end":{"line":33,"column":7}},"13":{"start":{"line":35,"column":4},"end":{"line":35,"column":58}}},"fnMap":{"0":{"name":"(anonymous_9)","decl":{"start":{"line":11,"column":2},"end":{"line":11,"column":7}},"loc":{"start":{"line":11,"column":18},"end":{"line":36,"column":3}}}},"branchMap":{"0":{"loc":{"start":{"line":13,"column":19},"end":{"line":13,"column":44}},"type":"cond-expr","locations":[{"start":{"line":13,"column":29},"end":{"line":13,"column":31}},{"start":{"line":13,"column":29},"end":{"line":13,"column":44}}]},"1":{"loc":{"start":{"line":13,"column":19},"end":{"line":13,"column":31}},"type":"binary-expr","locations":[{"start":{"line":13,"column":19},"end":{"line":13,"column":31}},{"start":{"line":13,"column":29},"end":{"line":13,"column":31}}]},"2":{"loc":{"start":{"line":14,"column":18},"end":{"line":14,"column":42}},"type":"cond-expr","locations":[{"start":{"line":14,"column":28},"end":{"line":14,"column":30}},{"start":{"line":14,"column":28},"end":{"line":14,"column":42}}]},"3":{"loc":{"start":{"line":14,"column":18},"end":{"line":14,"column":30}},"type":"binary-expr","locations":[{"start":{"line":14,"column":18},"end":{"line":14,"column":30}},{"start":{"line":14,"column":28},"end":{"line":14,"column":30}}]},"4":{"loc":{"start":{"line":16,"column":4},"end":{"line":19,"column":5}},"type":"if","locations":[{"start":{"line":16,"column":4},"end":{"line":19,"column":5}},{"start":{},"end":{}}]},"5":{"loc":{"start":{"line":22,"column":4},"end":{"line":24,"column":5}},"type":"if","locations":[{"start":{"line":22,"column":4},"end":{"line":24,"column":5}},{"start":{},"end":{}}]},"6":{"loc":{"start":{"line":22,"column":8},"end":{"line":22,"column":84}},"type":"binary-expr","locations":[{"start":{"line":22,"column":8},"end":{"line":22,"column":45}},{"start":{"line":22,"column":49},"end":{"line":22,"column":84}}]},"7":{"loc":{"start":{"line":22,"column":8},"end":{"line":22,"column":22}},"type":"cond-expr","locations":[{"start":{"line":22,"column":14},"end":{"line":22,"column":16}},{"start":{"line":22,"column":8},"end":{"line":22,"column":22}}]},"8":{"loc":{"start":{"line":22,"column":8},"end":{"line":22,"column":16}},"type":"binary-expr","locations":[{"start":{"line":22,"column":8},"end":{"line":22,"column":16}},{"start":{"line":22,"column":8},"end":{"line":22,"column":16}}]},"9":{"loc":{"start":{"line":29,"column":10},"end":{"line":33,"column":6}},"type":"cond-expr","locations":[{"start":{"line":29,"column":20},"end":{"line":29,"column":22}},{"start":{"line":29,"column":20},"end":{"line":33,"column":6}}]},"10":{"loc":{"start":{"line":29,"column":10},"end":{"line":29,"column":22}},"type":"binary-expr","locations":[{"start":{"line":29,"column":10},"end":{"line":29,"column":22}},{"start":{"line":29,"column":20},"end":{"line":29,"column":22}}]}},"s":{"0":1,"1":1,"2":1,"3":0,"4":0,"5":0,"6":0,"7":0,"8":0,"9":0,"10":0,"11":0,"12":0,"13":0},"f":{"0":0},"b":{"0":[0,0],"1":[0,0],"2":[0,0],"3":[0,0],"4":[0,0],"5":[0,0],"6":[0,0],"7":[0,0],"8":[0,0],"9":[0,0],"10":[0,0]}}
}
