TN:
SF:src/index.ts
FN:178,(anonymous_9)
FN:178,(anonymous_10)
FN:178,(anonymous_11)
FN:181,(anonymous_12)
FN:181,(anonymous_13)
FN:20,(anonymous_14)
FN:29,(anonymous_15)
FN:51,(anonymous_16)
FN:106,(anonymous_17)
FN:149,(anonymous_18)
FNF:10
FNH:0
FNDA:0,(anonymous_9)
FNDA:0,(anonymous_10)
FNDA:0,(anonymous_11)
FNDA:0,(anonymous_12)
FNDA:0,(anonymous_13)
FNDA:0,(anonymous_14)
FNDA:0,(anonymous_15)
FNDA:0,(anonymous_16)
FNDA:0,(anonymous_17)
FNDA:0,(anonymous_18)
DA:1,0
DA:2,0
DA:3,0
DA:4,0
DA:5,0
DA:8,0
DA:9,0
DA:10,0
DA:13,0
DA:14,0
DA:17,0
DA:20,0
DA:21,0
DA:29,0
DA:31,0
DA:32,0
DA:38,0
DA:41,0
DA:43,0
DA:44,0
DA:47,0
DA:51,0
DA:53,0
DA:54,0
DA:55,0
DA:60,0
DA:63,0
DA:64,0
DA:65,0
DA:66,0
DA:68,0
DA:70,0
DA:71,0
DA:79,0
DA:82,0
DA:89,0
DA:98,0
DA:99,0
DA:106,0
DA:107,0
DA:108,0
DA:109,0
DA:114,0
DA:117,0
DA:118,0
DA:119,0
DA:121,0
DA:122,0
DA:123,0
DA:128,0
DA:131,0
DA:132,0
DA:133,0
DA:136,0
DA:139,0
DA:141,0
DA:142,0
DA:149,0
DA:150,0
DA:151,0
DA:152,0
DA:157,0
DA:160,0
DA:161,0
DA:162,0
DA:163,0
DA:165,0
DA:166,0
DA:168,0
DA:170,0
DA:171,0
DA:178,0
DA:181,0
LF:73
LH:0
BRDA:31,0,0,0
BRDA:31,0,1,0
BRDA:43,1,0,0
BRDA:43,1,1,0
BRDA:54,2,0,0
BRDA:54,2,1,0
BRDA:54,3,0,0
BRDA:54,3,1,0
BRDA:54,4,0,0
BRDA:54,4,1,0
BRDA:70,5,0,0
BRDA:70,5,1,0
BRDA:70,6,0,0
BRDA:70,6,1,0
BRDA:108,7,0,0
BRDA:108,7,1,0
BRDA:108,8,0,0
BRDA:108,8,1,0
BRDA:108,9,0,0
BRDA:108,9,1,0
BRDA:122,10,0,0
BRDA:122,10,1,0
BRDA:132,11,0,0
BRDA:132,11,1,0
BRDA:151,12,0,0
BRDA:151,12,1,0
BRDA:151,13,0,0
BRDA:151,13,1,0
BRDA:151,14,0,0
BRDA:151,14,1,0
BRDA:165,15,0,0
BRDA:165,15,1,0
BRF:32
BRH:0
end_of_record
TN:
SF:src/ai-pipeline/cost-tracking/CostLogger.ts
FN:24,(anonymous_9)
FN:38,(anonymous_10)
FNF:2
FNH:2
FNDA:1,(anonymous_9)
FNDA:1,(anonymous_10)
DA:1,4
DA:20,4
DA:25,1
DA:26,1
DA:43,1
DA:50,1
DA:51,1
DA:52,0
DA:55,1
DA:56,1
DA:58,1
LF:11
LH:10
BRDA:51,0,0,0
BRDA:51,0,1,1
BRF:2
BRH:1
end_of_record
TN:
SF:src/ai-pipeline/layer2a/extractAttributes.ts
FN:12,extractAttributesLayer2a
FNF:1
FNH:1
FNDA:1,extractAttributesLayer2a
DA:1,3
DA:2,3
DA:12,3
DA:17,1
DA:18,1
DA:20,1
DA:23,1
DA:25,1
DA:28,1
DA:29,1
DA:32,1
DA:39,1
DA:52,1
DA:54,1
LF:14
LH:14
BRF:0
BRH:0
end_of_record
TN:
SF:src/ai-pipeline/providers/GeminiProvider.ts
FN:12,(anonymous_10)
FN:26,(anonymous_11)
FN:103,(anonymous_12)
FN:114,(anonymous_13)
FN:150,(anonymous_14)
FNF:5
FNH:5
FNDA:4,(anonymous_10)
FNDA:3,(anonymous_11)
FNDA:1,(anonymous_12)
FNDA:4,(anonymous_13)
FNDA:4,(anonymous_14)
DA:1,4
DA:2,4
DA:3,4
DA:9,4
DA:15,4
DA:16,4
DA:17,1
DA:20,3
DA:32,3
DA:33,3
DA:34,3
DA:37,3
DA:38,3
DA:39,3
DA:41,3
DA:42,4
DA:44,4
DA:70,3
DA:71,3
DA:72,0
DA:74,3
DA:77,3
DA:78,3
DA:84,3
DA:86,1
DA:89,1
DA:93,0
DA:97,1
DA:98,1
DA:102,1
DA:103,1
DA:108,0
DA:115,4
DA:151,4
LF:34
LH:31
BRDA:15,0,0,4
BRDA:15,0,1,1
BRDA:15,1,0,1
BRDA:15,1,1,0
BRDA:15,2,0,1
BRDA:15,2,1,1
BRDA:16,3,0,1
BRDA:16,3,1,3
BRDA:71,4,0,0
BRDA:71,4,1,3
BRDA:79,5,0,3
BRDA:79,5,1,0
BRDA:79,6,0,0
BRDA:79,6,1,3
BRDA:79,7,0,3
BRDA:79,7,1,3
BRDA:80,8,0,3
BRDA:80,8,1,0
BRDA:80,9,0,0
BRDA:80,9,1,3
BRDA:80,10,0,3
BRDA:80,10,1,3
BRDA:81,11,0,3
BRDA:81,11,1,0
BRDA:81,12,0,0
BRDA:81,12,1,3
BRDA:81,13,0,3
BRDA:81,13,1,3
BRDA:89,14,0,0
BRDA:89,14,1,1
BRDA:90,15,0,1
BRDA:90,15,1,1
BRDA:97,16,0,1
BRDA:97,16,1,0
BRDA:108,17,0,0
BRDA:108,17,1,0
BRDA:108,18,0,0
BRDA:108,18,1,0
BRF:38
BRH:24
end_of_record
TN:
SF:src/items/createItem.ts
FN:14,createItem
FNF:1
FNH:1
FNDA:1,createItem
DA:1,1
DA:14,1
DA:20,1
DA:21,1
DA:25,1
DA:37,1
DA:39,1
LF:7
LH:7
BRF:0
BRH:0
end_of_record
TN:
SF:src/items/getItem.ts
FN:12,getItem
FNF:1
FNH:1
FNDA:1,getItem
DA:1,1
DA:12,1
DA:13,1
DA:14,1
DA:16,1
DA:17,0
DA:20,1
LF:7
LH:6
BRDA:16,0,0,0
BRDA:16,0,1,1
BRF:2
BRH:1
end_of_record
TN:
SF:src/items/listItems.ts
FN:8,listItems
FN:21,(anonymous_10)
FNF:2
FNH:2
FNDA:1,listItems
FNDA:2,(anonymous_10)
DA:1,1
DA:8,1
DA:12,1
DA:14,1
DA:21,2
LF:5
LH:5
BRDA:10,0,0,0
BRF:1
BRH:0
end_of_record
TN:
SF:src/scheduled/checkSubscriptionExpiry.ts
FN:14,(anonymous_9)
FN:29,checkSubscriptionExpiry
FN:53,(anonymous_11)
FNF:3
FNH:0
FNDA:0,(anonymous_9)
FNDA:0,checkSubscriptionExpiry
FNDA:0,(anonymous_11)
DA:1,1
DA:2,1
DA:9,1
DA:15,0
DA:16,0
DA:17,0
DA:18,0
DA:20,0
DA:21,0
DA:29,1
DA:30,0
DA:31,0
DA:33,0
DA:36,0
DA:42,0
DA:44,0
DA:45,0
DA:46,0
DA:49,0
DA:52,0
DA:53,0
DA:54,0
DA:62,0
DA:64,0
LF:24
LH:4
BRDA:44,0,0,0
BRDA:44,0,1,0
BRF:2
BRH:0
end_of_record
TN:
SF:src/scheduled/cleanupDeletedItems.ts
FN:16,(anonymous_9)
FN:31,cleanupDeletedItems
FN:58,(anonymous_11)
FNF:3
FNH:0
FNDA:0,(anonymous_9)
FNDA:0,cleanupDeletedItems
FNDA:0,(anonymous_11)
DA:1,1
DA:2,1
DA:11,1
DA:17,0
DA:18,0
DA:19,0
DA:20,0
DA:22,0
DA:23,0
DA:31,1
DA:32,0
DA:35,0
DA:36,0
DA:38,0
DA:41,0
DA:47,0
DA:49,0
DA:50,0
DA:51,0
DA:54,0
DA:57,0
DA:58,0
DA:59,0
DA:62,0
DA:64,0
LF:25
LH:4
BRDA:49,0,0,0
BRDA:49,0,1,0
BRF:2
BRH:0
end_of_record
TN:
SF:src/triggers/onItemCreated.ts
FN:12,(anonymous_9)
FNF:1
FNH:0
FNDA:0,(anonymous_9)
DA:1,1
DA:2,1
DA:3,1
DA:10,1
DA:13,0
DA:14,0
DA:16,0
DA:17,0
DA:18,0
DA:22,0
DA:23,0
DA:24,0
DA:28,0
DA:29,0
DA:30,0
DA:38,0
DA:41,0
DA:43,0
DA:45,0
DA:52,0
DA:64,0
DA:66,0
DA:68,0
LF:23
LH:4
BRDA:14,0,0,0
BRDA:14,0,1,0
BRDA:14,1,0,0
BRDA:14,1,1,0
BRDA:16,2,0,0
BRDA:16,2,1,0
BRDA:22,3,0,0
BRDA:22,3,1,0
BRDA:28,4,0,0
BRDA:28,4,1,0
BRDA:30,5,0,0
BRDA:30,5,1,0
BRDA:30,6,0,0
BRDA:30,6,1,0
BRDA:52,7,0,0
BRDA:52,7,1,0
BRDA:52,8,0,0
BRDA:52,8,1,0
BRDA:56,9,0,0
BRDA:56,9,1,0
BRDA:58,10,0,0
BRDA:58,10,1,0
BRDA:68,11,0,0
BRDA:68,11,1,0
BRDA:68,12,0,0
BRDA:68,12,1,0
BRF:26
BRH:0
end_of_record
TN:
SF:src/triggers/onLayer2aComplete.ts
FN:11,(anonymous_9)
FNF:1
FNH:0
FNDA:0,(anonymous_9)
DA:1,1
DA:2,1
DA:9,1
DA:12,0
DA:13,0
DA:14,0
DA:16,0
DA:17,0
DA:18,0
DA:22,0
DA:23,0
DA:26,0
DA:29,0
DA:35,0
LF:14
LH:3
BRDA:13,0,0,0
BRDA:13,0,1,0
BRDA:13,1,0,0
BRDA:13,1,1,0
BRDA:14,2,0,0
BRDA:14,2,1,0
BRDA:14,3,0,0
BRDA:14,3,1,0
BRDA:16,4,0,0
BRDA:16,4,1,0
BRDA:22,5,0,0
BRDA:22,5,1,0
BRDA:22,6,0,0
BRDA:22,6,1,0
BRDA:22,7,0,0
BRDA:22,7,1,0
BRDA:22,8,0,0
BRDA:22,8,1,0
BRDA:29,9,0,0
BRDA:29,9,1,0
BRDA:29,10,0,0
BRDA:29,10,1,0
BRF:22
BRH:0
end_of_record
TN:
SF:src/triggers/onLayer2bComplete.ts
FN:11,(anonymous_9)
FNF:1
FNH:0
FNDA:0,(anonymous_9)
DA:1,1
DA:2,1
DA:9,1
DA:12,0
DA:13,0
DA:14,0
DA:16,0
DA:17,0
DA:18,0
DA:22,0
DA:23,0
DA:26,0
DA:29,0
DA:35,0
LF:14
LH:3
BRDA:13,0,0,0
BRDA:13,0,1,0
BRDA:13,1,0,0
BRDA:13,1,1,0
BRDA:14,2,0,0
BRDA:14,2,1,0
BRDA:14,3,0,0
BRDA:14,3,1,0
BRDA:16,4,0,0
BRDA:16,4,1,0
BRDA:22,5,0,0
BRDA:22,5,1,0
BRDA:22,6,0,0
BRDA:22,6,1,0
BRDA:22,7,0,0
BRDA:22,7,1,0
BRDA:22,8,0,0
BRDA:22,8,1,0
BRDA:29,9,0,0
BRDA:29,9,1,0
BRDA:29,10,0,0
BRDA:29,10,1,0
BRF:22
BRH:0
end_of_record
